================================================================
== Design Size Report
================================================================

* Total Instructions per Compilation Phase
+---------------+-----------------------------+--------------+----------------------------------------------------------------------------------------+
| Phase         | Step                        | Instructions | Description                                                                            |
+---------------+-----------------------------+--------------+----------------------------------------------------------------------------------------+
| Compile/Link  |                             | 869          | After all functions are compiled and linked into a single design                       |
|               |                             |              |                                                                                        |
| Unroll/Inline |                             |              | After user unroll and inline pragmas are applied                                       |
|               | (1) unroll                  | 256          | user unroll pragmas are applied                                                        |
|               | (2) simplification          | 192          | simplification of applied user unroll pragmas                                          |
|               | (3) inline                  | 202          | user inline pragmas are applied                                                        |
|               | (4) simplification          | 182          | simplification of applied user inline pragmas                                          |
|               |                             |              |                                                                                        |
| Array/Struct  |                             |              | After user array partition and struct aggregate/disaggregate pragmas are applied       |
|               | (1) array partition         | 152          | user array partition pragmas are applied                                               |
|               | (2) simplification          | 152          | simplification of applied user array partition & struct aggregate/disaggregate pragmas |
|               | (3) aggregate/disaggregate  | 156          | user struct aggregate/disaggregate pragmas are applied                                 |
|               | (4) array reshape           | 160          | apply array reshape pragmas                                                            |
|               | (5) access patterns         | 171          | array access pattern optmizations                                                      |
|               |                             |              |                                                                                        |
| Performance   |                             |              | After transformations are applied to meet performance pragma targets                   |
|               | (1) loop simplification     | 150          | loop and instruction simplification                                                    |
|               | (2) parallelization         | 189          | loops are unrolled or pipelined to meet performance targets                            |
|               | (3) array partition         | 595          | arrays are partitioned to meet performance targets                                     |
|               | (4) simplification          | 462          | simplification of design after performance transformations                             |
|               |                             |              |                                                                                        |
| HW Transforms |                             |              | After hardware transfomations                                                          |
|               | (1) lowering                | 482          | initial conversion to HW specific instructions                                         |
|               | (2) optimizations           | 487          | high level synthesis optimizations                                                     |
+---------------+-----------------------------+--------------+----------------------------------------------------------------------------------------+

* Instructions per Function for each Compilation Phase
+--------------------+----------------------------------+---------------+---------------+--------------+-------------+---------------+
| Function           | Location                         | Compile/Link  | Unroll/Inline | Array/Struct | Performance | HW Transforms |
+--------------------+----------------------------------+---------------+---------------+--------------+-------------+---------------+
| + edge_detect      | edge_detect.cpp:4                | 869           | 182           | 171          | 462         | 487           |
|  + abs             | absint.cpp:17                    | 490 (2 calls) |               |              |             |               |
|     fabs_fixed<32> | hls_round_copysign_apfixed.h:159 | 420 (2 calls) |               |              |             |               |
+--------------------+----------------------------------+---------------+---------------+--------------+-------------+---------------+

* Design Size Message Settings
+---------------------------------------------+--------+------------------------------------------------------------------+
| Message Setting                             | Value  | Description                                                      |
+---------------------------------------------+--------+------------------------------------------------------------------+
| config_compile -design_size_maximum_warning | 100000 | Show a warning when total design instructions exceeds this value |
+---------------------------------------------+--------+------------------------------------------------------------------+


