

================================================================
== Vitis HLS Report for 'edge_detect_Pipeline_gauss_loop_VITIS_LOOP_28_1'
================================================================
* Date:           Wed Nov 19 13:55:04 2025

* Version:        2023.2 (Build 4023990 on Oct 11 2023)
* Project:        edge_project
* Solution:       solution1 (Vivado IP Flow Target)
* Product family: virtexuplusHBM
* Target device:  xcu280-fsvh2892-2L-e


================================================================
== Performance Estimates
================================================================
+ Timing: 
    * Summary: 
    +--------+---------+----------+------------+
    |  Clock |  Target | Estimated| Uncertainty|
    +--------+---------+----------+------------+
    |ap_clk  |  5.00 ns|  3.650 ns|     1.35 ns|
    +--------+---------+----------+------------+

+ Latency: 
    * Summary: 
    +---------+---------+----------+----------+-----+-----+---------+
    |  Latency (cycles) |  Latency (absolute) |  Interval | Pipeline|
    |   min   |   max   |    min   |    max   | min | max |   Type  |
    +---------+---------+----------+----------+-----+-----+---------+
    |        ?|        ?|         ?|         ?|    ?|    ?|       no|
    +---------+---------+----------+----------+-----+-----+---------+

    + Detail: 
        * Instance: 
        N/A

        * Loop: 
        +------------------------------+---------+---------+----------+-----------+-----------+------+----------+
        |                              |  Latency (cycles) | Iteration|  Initiation Interval  | Trip |          |
        |           Loop Name          |   min   |   max   |  Latency |  achieved |   target  | Count| Pipelined|
        +------------------------------+---------+---------+----------+-----------+-----------+------+----------+
        |- gauss_loop_VITIS_LOOP_28_1  |        ?|        ?|        36|          9|          1|     ?|       yes|
        +------------------------------+---------+---------+----------+-----------+-----------+------+----------+



================================================================
== Utilization Estimates
================================================================
* Summary: 
+---------------------+---------+------+---------+---------+-----+
|         Name        | BRAM_18K|  DSP |    FF   |   LUT   | URAM|
+---------------------+---------+------+---------+---------+-----+
|DSP                  |        -|     -|        -|        -|    -|
|Expression           |        -|     -|        0|     1112|    -|
|FIFO                 |        -|     -|        -|        -|    -|
|Instance             |        -|     4|     4360|     3335|    -|
|Memory               |        -|     -|        -|        -|    -|
|Multiplexer          |        -|     -|        -|      214|    -|
|Register             |        -|     -|      954|       64|    -|
+---------------------+---------+------+---------+---------+-----+
|Total                |        0|     4|     5314|     4725|    0|
+---------------------+---------+------+---------+---------+-----+
|Available SLR        |     1344|  3008|   869120|   434560|  320|
+---------------------+---------+------+---------+---------+-----+
|Utilization SLR (%)  |        0|    ~0|       ~0|        1|    0|
+---------------------+---------+------+---------+---------+-----+
|Available            |     4032|  9024|  2607360|  1303680|  960|
+---------------------+---------+------+---------+---------+-----+
|Utilization (%)      |        0|    ~0|       ~0|       ~0|    0|
+---------------------+---------+------+---------+---------+-----+

+ Detail: 
    * Instance: 
    +-------------------------+----------------------+---------+----+------+------+-----+
    |         Instance        |        Module        | BRAM_18K| DSP|  FF  |  LUT | URAM|
    +-------------------------+----------------------+---------+----+------+------+-----+
    |mul_31ns_33ns_63_1_1_U1  |mul_31ns_33ns_63_1_1  |        0|   4|     0|    21|    0|
    |urem_31ns_3ns_2_35_1_U2  |urem_31ns_3ns_2_35_1  |        0|   0|  2180|  1657|    0|
    |urem_31ns_3ns_2_35_1_U3  |urem_31ns_3ns_2_35_1  |        0|   0|  2180|  1657|    0|
    +-------------------------+----------------------+---------+----+------+------+-----+
    |Total                    |                      |        0|   4|  4360|  3335|    0|
    +-------------------------+----------------------+---------+----+------+------+-----+

    * DSP: 
    N/A

    * Memory: 
    N/A

    * FIFO: 
    N/A

    * Expression: 
    +---------------------------+----------+----+---+----+------------+------------+
    |       Variable Name       | Operation| DSP| FF| LUT| Bitwidth P0| Bitwidth P1|
    +---------------------------+----------+----+---+----+------------+------------+
    |add_ln27_1_fu_390_p2       |         +|   0|  0|  38|          31|           1|
    |add_ln27_2_fu_396_p2       |         +|   0|  0|  38|          31|           1|
    |add_ln27_3_fu_375_p2       |         +|   0|  0|  70|          63|           1|
    |add_ln28_1_fu_617_p2       |         +|   0|  0|  38|          31|           1|
    |add_ln28_fu_612_p2         |         +|   0|  0|  38|          31|           1|
    |add_ln32_1_fu_726_p2       |         +|   0|  0|  17|          12|          12|
    |add_ln32_2_fu_731_p2       |         +|   0|  0|  16|           9|           9|
    |add_ln32_3_fu_741_p2       |         +|   0|  0|  17|          10|          10|
    |add_ln32_fu_698_p2         |         +|   0|  0|  19|          12|          12|
    |add_ln35_1_fu_607_p2       |         +|   0|  0|  16|          16|          16|
    |add_ln35_fu_601_p2         |         +|   0|  0|  16|          16|          16|
    |empty_23_fu_475_p2         |         +|   0|  0|  64|          64|          64|
    |empty_25_fu_541_p2         |         +|   0|  0|  71|          64|          64|
    |empty_27_fu_562_p2         |         +|   0|  0|  71|          64|          64|
    |sum_1_fu_751_p2            |         +|   0|  0|  17|          12|          12|
    |tmp1_fu_487_p2             |         +|   0|  0|  71|          64|          64|
    |tmp2_fu_531_p2             |         +|   0|  0|  39|          32|          10|
    |tmp41_fu_680_p2            |         +|   0|  0|  17|          10|          10|
    |tmp4_fu_552_p2             |         +|   0|  0|  39|          32|          11|
    |tmp8_fu_651_p2             |         +|   0|  0|  16|           9|           9|
    |tmp9_fu_670_p2             |         +|   0|  0|  16|           9|           9|
    |tmp_fu_470_p2              |         +|   0|  0|  64|          64|          64|
    |empty_fu_460_p2            |         -|   0|  0|  49|          42|          42|
    |ap_block_pp0_stage0_11001  |       and|   0|  0|   2|           1|           1|
    |ap_block_pp0_stage1_11001  |       and|   0|  0|   2|           1|           1|
    |ap_block_pp0_stage3_11001  |       and|   0|  0|   2|           1|           1|
    |ap_block_pp0_stage4_11001  |       and|   0|  0|   2|           1|           1|
    |ap_block_pp0_stage6_11001  |       and|   0|  0|   2|           1|           1|
    |ap_block_pp0_stage7_11001  |       and|   0|  0|   2|           1|           1|
    |ap_block_state3_io         |       and|   0|  0|   2|           1|           1|
    |icmp_ln27_fu_370_p2        |      icmp|   0|  0|  70|          63|          63|
    |icmp_ln28_fu_365_p2        |      icmp|   0|  0|  39|          32|          32|
    |ap_block_pp0_stage2_11001  |        or|   0|  0|   2|           1|           1|
    |ap_block_pp0_stage5_11001  |        or|   0|  0|   2|           1|           1|
    |ap_block_pp0_stage8_11001  |        or|   0|  0|   2|           1|           1|
    |grp_fu_426_p0              |    select|   0|  0|  31|           1|          31|
    |grp_fu_525_p0              |    select|   0|  0|  31|           1|          31|
    |select_ln27_2_fu_410_p3    |    select|   0|  0|  31|           1|          31|
    |select_ln27_fu_402_p3      |    select|   0|  0|  31|           1|          31|
    |ap_enable_pp0              |       xor|   0|  0|   2|           1|           2|
    +---------------------------+----------+----+---+----+------------+------------+
    |Total                      |          |   0|  0|1112|         838|         734|
    +---------------------------+----------+----+---+----+------------+------------+

    * Multiplexer: 
    +----------------------------------+----+-----------+-----+-----------+
    |               Name               | LUT| Input Size| Bits| Total Bits|
    +----------------------------------+----+-----------+-----+-----------+
    |ap_NS_fsm                         |  54|         10|    1|         10|
    |ap_done_int                       |   9|          2|    1|          2|
    |ap_enable_reg_pp0_iter0           |   9|          2|    1|          2|
    |ap_enable_reg_pp0_iter1           |   9|          2|    1|          2|
    |ap_enable_reg_pp0_iter4           |   9|          2|    1|          2|
    |ap_loop_exit_ready_pp0_iter1_reg  |   9|          2|    1|          2|
    |ap_loop_exit_ready_pp0_iter2_reg  |   9|          2|    1|          2|
    |ap_loop_exit_ready_pp0_iter3_reg  |   9|          2|    1|          2|
    |c_fu_126                          |   9|          2|   31|         62|
    |gmem_blk_n_AR                     |   9|          2|    1|          2|
    |gmem_blk_n_R                      |   9|          2|    1|          2|
    |grp_fu_317_p0                     |  14|          3|   31|         93|
    |indvar1_fu_130                    |   9|          2|   31|         62|
    |indvar_flatten_fu_142             |   9|          2|   63|        126|
    |indvar_fu_138                     |   9|          2|   31|         62|
    |m_axi_gmem_ARADDR                 |  20|          4|   64|        256|
    |r_fu_134                          |   9|          2|   31|         62|
    +----------------------------------+----+-----------+-----+-----------+
    |Total                             | 214|         45|  292|        751|
    +----------------------------------+----+-----------+-----+-----------+

    * Register: 
    +----------------------------------+----+----+-----+-----------+
    |               Name               | FF | LUT| Bits| Const Bits|
    +----------------------------------+----+----+-----+-----------+
    |add_ln27_3_reg_852                |  63|   0|   63|          0|
    |add_ln32_reg_956                  |  12|   0|   12|          0|
    |add_ln35_1_reg_921                |  16|   0|   16|          0|
    |ap_CS_fsm                         |   9|   0|    9|          0|
    |ap_done_reg                       |   1|   0|    1|          0|
    |ap_enable_reg_pp0_iter0_reg       |   1|   0|    1|          0|
    |ap_enable_reg_pp0_iter1           |   1|   0|    1|          0|
    |ap_enable_reg_pp0_iter2           |   1|   0|    1|          0|
    |ap_enable_reg_pp0_iter3           |   1|   0|    1|          0|
    |ap_enable_reg_pp0_iter4           |   1|   0|    1|          0|
    |ap_loop_exit_ready_pp0_iter1_reg  |   1|   0|    1|          0|
    |ap_loop_exit_ready_pp0_iter2_reg  |   1|   0|    1|          0|
    |ap_loop_exit_ready_pp0_iter3_reg  |   1|   0|    1|          0|
    |c_2_reg_838                       |  31|   0|   31|          0|
    |c_fu_126                          |  31|   0|   31|          0|
    |gmem_addr_1_read_2_reg_946        |   8|   0|    8|          0|
    |gmem_addr_1_reg_904               |  64|   0|   64|          0|
    |gmem_addr_2_read_reg_951          |   8|   0|    8|          0|
    |gmem_addr_2_reg_910               |  64|   0|   64|          0|
    |gmem_addr_read_1_reg_936          |   8|   0|    8|          0|
    |gmem_addr_read_reg_931            |   8|   0|    8|          0|
    |gmem_addr_reg_875                 |  64|   0|   64|          0|
    |icmp_ln27_reg_848                 |   1|   0|    1|          0|
    |icmp_ln28_reg_843                 |   1|   0|    1|          0|
    |indvar1_fu_130                    |  31|   0|   31|          0|
    |indvar_flatten_fu_142             |  63|   0|   63|          0|
    |indvar_fu_138                     |  31|   0|   31|          0|
    |r_fu_134                          |  31|   0|   31|          0|
    |reg_322                           |   8|   0|    8|          0|
    |reg_326                           |   8|   0|    8|          0|
    |select_ln27_1_reg_887             |  31|   0|   31|          0|
    |select_ln27_2_reg_863             |  31|   0|   31|          0|
    |select_ln27_3_reg_868             |  31|   0|   31|          0|
    |select_ln27_reg_857               |  31|   0|   31|          0|
    |sum_reg_926                       |   8|   0|    8|          0|
    |tmp1_reg_881                      |  64|   0|   64|          0|
    |tmp8_reg_941                      |   9|   0|    9|          0|
    |tmp_24_cast1_reg_894              |  10|   0|   10|          0|
    |tmp_24_cast_reg_899               |   8|   0|    8|          0|
    |trunc_ln27_reg_974                |   2|   0|    2|          0|
    |trunc_ln2_reg_961                 |   8|   0|    8|          0|
    |trunc_ln2_reg_961_pp0_iter3_reg   |   8|   0|    8|          0|
    |udiv_ln_cast_reg_916              |  16|   0|   16|          0|
    |add_ln35_1_reg_921                |  64|  32|   16|          0|
    |icmp_ln27_reg_848                 |  64|  32|    1|          0|
    +----------------------------------+----+----+-----+-----------+
    |Total                             | 954|  64|  843|          0|
    +----------------------------------+----+----+-----+-----------+



================================================================
== Interface
================================================================
* Summary: 
+---------------------+-----+-----+------------+-------------------------------------------------+--------------+
|      RTL Ports      | Dir | Bits|  Protocol  |                  Source Object                  |    C Type    |
+---------------------+-----+-----+------------+-------------------------------------------------+--------------+
|ap_clk               |   in|    1|  ap_ctrl_hs|  edge_detect_Pipeline_gauss_loop_VITIS_LOOP_28_1|  return value|
|ap_rst               |   in|    1|  ap_ctrl_hs|  edge_detect_Pipeline_gauss_loop_VITIS_LOOP_28_1|  return value|
|ap_start             |   in|    1|  ap_ctrl_hs|  edge_detect_Pipeline_gauss_loop_VITIS_LOOP_28_1|  return value|
|ap_done              |  out|    1|  ap_ctrl_hs|  edge_detect_Pipeline_gauss_loop_VITIS_LOOP_28_1|  return value|
|ap_idle              |  out|    1|  ap_ctrl_hs|  edge_detect_Pipeline_gauss_loop_VITIS_LOOP_28_1|  return value|
|ap_ready             |  out|    1|  ap_ctrl_hs|  edge_detect_Pipeline_gauss_loop_VITIS_LOOP_28_1|  return value|
|m_axi_gmem_AWVALID   |  out|    1|       m_axi|                                             gmem|       pointer|
|m_axi_gmem_AWREADY   |   in|    1|       m_axi|                                             gmem|       pointer|
|m_axi_gmem_AWADDR    |  out|   64|       m_axi|                                             gmem|       pointer|
|m_axi_gmem_AWID      |  out|    1|       m_axi|                                             gmem|       pointer|
|m_axi_gmem_AWLEN     |  out|   32|       m_axi|                                             gmem|       pointer|
|m_axi_gmem_AWSIZE    |  out|    3|       m_axi|                                             gmem|       pointer|
|m_axi_gmem_AWBURST   |  out|    2|       m_axi|                                             gmem|       pointer|
|m_axi_gmem_AWLOCK    |  out|    2|       m_axi|                                             gmem|       pointer|
|m_axi_gmem_AWCACHE   |  out|    4|       m_axi|                                             gmem|       pointer|
|m_axi_gmem_AWPROT    |  out|    3|       m_axi|                                             gmem|       pointer|
|m_axi_gmem_AWQOS     |  out|    4|       m_axi|                                             gmem|       pointer|
|m_axi_gmem_AWREGION  |  out|    4|       m_axi|                                             gmem|       pointer|
|m_axi_gmem_AWUSER    |  out|    1|       m_axi|                                             gmem|       pointer|
|m_axi_gmem_WVALID    |  out|    1|       m_axi|                                             gmem|       pointer|
|m_axi_gmem_WREADY    |   in|    1|       m_axi|                                             gmem|       pointer|
|m_axi_gmem_WDATA     |  out|    8|       m_axi|                                             gmem|       pointer|
|m_axi_gmem_WSTRB     |  out|    1|       m_axi|                                             gmem|       pointer|
|m_axi_gmem_WLAST     |  out|    1|       m_axi|                                             gmem|       pointer|
|m_axi_gmem_WID       |  out|    1|       m_axi|                                             gmem|       pointer|
|m_axi_gmem_WUSER     |  out|    1|       m_axi|                                             gmem|       pointer|
|m_axi_gmem_ARVALID   |  out|    1|       m_axi|                                             gmem|       pointer|
|m_axi_gmem_ARREADY   |   in|    1|       m_axi|                                             gmem|       pointer|
|m_axi_gmem_ARADDR    |  out|   64|       m_axi|                                             gmem|       pointer|
|m_axi_gmem_ARID      |  out|    1|       m_axi|                                             gmem|       pointer|
|m_axi_gmem_ARLEN     |  out|   32|       m_axi|                                             gmem|       pointer|
|m_axi_gmem_ARSIZE    |  out|    3|       m_axi|                                             gmem|       pointer|
|m_axi_gmem_ARBURST   |  out|    2|       m_axi|                                             gmem|       pointer|
|m_axi_gmem_ARLOCK    |  out|    2|       m_axi|                                             gmem|       pointer|
|m_axi_gmem_ARCACHE   |  out|    4|       m_axi|                                             gmem|       pointer|
|m_axi_gmem_ARPROT    |  out|    3|       m_axi|                                             gmem|       pointer|
|m_axi_gmem_ARQOS     |  out|    4|       m_axi|                                             gmem|       pointer|
|m_axi_gmem_ARREGION  |  out|    4|       m_axi|                                             gmem|       pointer|
|m_axi_gmem_ARUSER    |  out|    1|       m_axi|                                             gmem|       pointer|
|m_axi_gmem_RVALID    |   in|    1|       m_axi|                                             gmem|       pointer|
|m_axi_gmem_RREADY    |  out|    1|       m_axi|                                             gmem|       pointer|
|m_axi_gmem_RDATA     |   in|    8|       m_axi|                                             gmem|       pointer|
|m_axi_gmem_RLAST     |   in|    1|       m_axi|                                             gmem|       pointer|
|m_axi_gmem_RID       |   in|    1|       m_axi|                                             gmem|       pointer|
|m_axi_gmem_RFIFONUM  |   in|   11|       m_axi|                                             gmem|       pointer|
|m_axi_gmem_RUSER     |   in|    1|       m_axi|                                             gmem|       pointer|
|m_axi_gmem_RRESP     |   in|    2|       m_axi|                                             gmem|       pointer|
|m_axi_gmem_BVALID    |   in|    1|       m_axi|                                             gmem|       pointer|
|m_axi_gmem_BREADY    |  out|    1|       m_axi|                                             gmem|       pointer|
|m_axi_gmem_BRESP     |   in|    2|       m_axi|                                             gmem|       pointer|
|m_axi_gmem_BID       |   in|    1|       m_axi|                                             gmem|       pointer|
|m_axi_gmem_BUSER     |   in|    1|       m_axi|                                             gmem|       pointer|
|add_ln27             |   in|   32|     ap_none|                                         add_ln27|        scalar|
|mul_ln27             |   in|   63|     ap_none|                                         mul_ln27|        scalar|
|blur_address0        |  out|   16|   ap_memory|                                             blur|         array|
|blur_ce0             |  out|    1|   ap_memory|                                             blur|         array|
|blur_we0             |  out|    1|   ap_memory|                                             blur|         array|
|blur_d0              |  out|    8|   ap_memory|                                             blur|         array|
|blur_1_address0      |  out|   16|   ap_memory|                                           blur_1|         array|
|blur_1_ce0           |  out|    1|   ap_memory|                                           blur_1|         array|
|blur_1_we0           |  out|    1|   ap_memory|                                           blur_1|         array|
|blur_1_d0            |  out|    8|   ap_memory|                                           blur_1|         array|
|blur_2_address0      |  out|   16|   ap_memory|                                           blur_2|         array|
|blur_2_ce0           |  out|    1|   ap_memory|                                           blur_2|         array|
|blur_2_we0           |  out|    1|   ap_memory|                                           blur_2|         array|
|blur_2_d0            |  out|    8|   ap_memory|                                           blur_2|         array|
|blur_3_address0      |  out|   16|   ap_memory|                                           blur_3|         array|
|blur_3_ce0           |  out|    1|   ap_memory|                                           blur_3|         array|
|blur_3_we0           |  out|    1|   ap_memory|                                           blur_3|         array|
|blur_3_d0            |  out|    8|   ap_memory|                                           blur_3|         array|
|blur_4_address0      |  out|   16|   ap_memory|                                           blur_4|         array|
|blur_4_ce0           |  out|    1|   ap_memory|                                           blur_4|         array|
|blur_4_we0           |  out|    1|   ap_memory|                                           blur_4|         array|
|blur_4_d0            |  out|    8|   ap_memory|                                           blur_4|         array|
|blur_5_address0      |  out|   16|   ap_memory|                                           blur_5|         array|
|blur_5_ce0           |  out|    1|   ap_memory|                                           blur_5|         array|
|blur_5_we0           |  out|    1|   ap_memory|                                           blur_5|         array|
|blur_5_d0            |  out|    8|   ap_memory|                                           blur_5|         array|
|blur_6_address0      |  out|   16|   ap_memory|                                           blur_6|         array|
|blur_6_ce0           |  out|    1|   ap_memory|                                           blur_6|         array|
|blur_6_we0           |  out|    1|   ap_memory|                                           blur_6|         array|
|blur_6_d0            |  out|    8|   ap_memory|                                           blur_6|         array|
|blur_7_address0      |  out|   16|   ap_memory|                                           blur_7|         array|
|blur_7_ce0           |  out|    1|   ap_memory|                                           blur_7|         array|
|blur_7_we0           |  out|    1|   ap_memory|                                           blur_7|         array|
|blur_7_d0            |  out|    8|   ap_memory|                                           blur_7|         array|
|blur_8_address0      |  out|   16|   ap_memory|                                           blur_8|         array|
|blur_8_ce0           |  out|    1|   ap_memory|                                           blur_8|         array|
|blur_8_we0           |  out|    1|   ap_memory|                                           blur_8|         array|
|blur_8_d0            |  out|    8|   ap_memory|                                           blur_8|         array|
|in_img               |   in|   64|     ap_none|                                           in_img|        scalar|
+---------------------+-----+-----+------------+-------------------------------------------------+--------------+

