Wed Nov 19 12:40:24 2025: Running xcd server. This server was built by gradle.
Wed Nov 19 12:40:24 2025: Server was asked to start on port: '33353'
Wed Nov 19 12:40:24 2025: Server is using token UUID: '63ceb568-5a52-4547-a165-42dde2a5bdd8'
Wed Nov 19 12:40:24 2025: SESSION_MGR: creating session with session uuid: '6d04a3e9-ade5-4ab9-8d63-1f78fcd2ec76' and name 'default'
Wed Nov 19 12:40:24 2025: Attempting to start server on port '33353'
Wed Nov 19 12:40:24 2025: XCD main fifo: created main fifo '/tmp/xcdmain63ceb568-5a52-4547-a165-42dde2a5bdd8', fd read = 12
Wed Nov 19 12:40:24 2025: Running Dispatch Server
Wed Nov 19 12:40:24 2025: Version 2.2.0
Wed Nov 19 12:40:26 2025: Dispatch Server: Accepted socket connection from client
Wed Nov 19 12:40:26 2025: Starting Socket connection
Wed Nov 19 12:40:26 2025: EXCHANGE_TOKEN received, server token: 63ceb568-5a52-4547-a165-42dde2a5bdd8, passed token: 63ceb568-5a52-4547-a165-42dde2a5bdd8
Wed Nov 19 12:40:26 2025: DISPATCH_HANDLER: Adding handler from function makeHandler in library libxv_system_diagram
Wed Nov 19 12:40:26 2025: SESSION_MGR: creating session with session uuid: '773e423b-7e53-407f-99c2-8ef65f026fa6' and name 'v++_link_edge_detect'
Wed Nov 19 12:40:26 2025: KERNEL_SVC: creating session with uuid: '773e423b-7e53-407f-99c2-8ef65f026fa6' and name 'v++_link_edge_detect'
Wed Nov 19 12:40:26 2025: GUIDANCE_SMGR: creating guidance session with uuid: '773e423b-7e53-407f-99c2-8ef65f026fa6' and name 'v++_link_edge_detect'
Wed Nov 19 12:40:26 2025: SYSTEM_DIAGRAM: creating session with uuid: '773e423b-7e53-407f-99c2-8ef65f026fa6' and name 'v++_link_edge_detect'
Wed Nov 19 12:41:01 2025: Dispatch Server: Accepted socket connection from client
Wed Nov 19 12:41:01 2025: Starting Socket connection
Wed Nov 19 12:41:17 2025: Dispatch Server: Accepted socket connection from client
Wed Nov 19 12:41:17 2025: Starting Socket connection
Wed Nov 19 12:44:03 2025: Dispatch Server: Accepted socket connection from client
Wed Nov 19 12:44:03 2025: Starting Socket connection
Wed Nov 19 12:44:03 2025: Dispatch Server: Accepted socket connection from client
Wed Nov 19 12:44:03 2025: Starting Socket connection
Wed Nov 19 12:44:03 2025: Dispatch Server: Accepted socket connection from client
Wed Nov 19 12:44:03 2025: Starting Socket connection
Wed Nov 19 12:44:03 2025: Dispatch Server: Accepted socket connection from client
Wed Nov 19 12:44:03 2025: Starting Socket connection
Wed Nov 19 12:44:03 2025: Dispatch Server: Accepted socket connection from client
Wed Nov 19 12:44:03 2025: Starting Socket connection
Wed Nov 19 12:44:03 2025: Dispatch Server: Accepted socket connection from client
Wed Nov 19 12:44:03 2025: Starting Socket connection
Wed Nov 19 12:44:03 2025: Dispatch Server: Accepted socket connection from client
Wed Nov 19 12:44:03 2025: Starting Socket connection
Wed Nov 19 12:44:03 2025: Dispatch Server: Accepted socket connection from client
Wed Nov 19 12:44:03 2025: Starting Socket connection
Wed Nov 19 12:45:18 2025: Dispatch Server: Accepted socket connection from client
Wed Nov 19 12:45:18 2025: Starting Socket connection
Wed Nov 19 12:45:18 2025: Dispatch Server: Accepted socket connection from client
Wed Nov 19 12:45:18 2025: Starting Socket connection
Wed Nov 19 12:45:18 2025: Dispatch Server: Accepted socket connection from client
Wed Nov 19 12:45:18 2025: Starting Socket connection
Wed Nov 19 12:45:18 2025: Dispatch Server: Accepted socket connection from client
Wed Nov 19 12:45:18 2025: Starting Socket connection
Wed Nov 19 12:45:20 2025: Dispatch Server: Accepted socket connection from client
Wed Nov 19 12:45:20 2025: Starting Socket connection
Wed Nov 19 12:45:20 2025: Dispatch Server: Accepted socket connection from client
Wed Nov 19 12:45:20 2025: Starting Socket connection
Wed Nov 19 12:45:22 2025: Dispatch Server: Accepted socket connection from client
Wed Nov 19 12:45:22 2025: Starting Socket connection
Wed Nov 19 12:45:47 2025: Dispatch Server: Accepted socket connection from client
Wed Nov 19 12:45:47 2025: Starting Socket connection
Wed Nov 19 12:45:47 2025: Dispatch Server: Accepted socket connection from client
Wed Nov 19 12:45:47 2025: Starting Socket connection
Wed Nov 19 12:46:28 2025: Dispatch Server: Accepted socket connection from client
Wed Nov 19 12:46:28 2025: Starting Socket connection
Wed Nov 19 12:46:29 2025: Dispatch Server: Accepted socket connection from client
Wed Nov 19 12:46:29 2025: Starting Socket connection
Wed Nov 19 12:46:39 2025: Dispatch Server: Accepted socket connection from client
Wed Nov 19 12:46:39 2025: Starting Socket connection
Wed Nov 19 12:46:39 2025: Dispatch Server: Accepted socket connection from client
Wed Nov 19 12:46:39 2025: Starting Socket connection
Wed Nov 19 12:46:49 2025: Dispatch Server: Accepted socket connection from client
Wed Nov 19 12:46:49 2025: Starting Socket connection
Wed Nov 19 12:46:58 2025: Dispatch Server: Accepted socket connection from client
Wed Nov 19 12:46:58 2025: Starting Socket connection
Wed Nov 19 12:46:58 2025: Dispatch Server: Accepted socket connection from client
Wed Nov 19 12:46:58 2025: Starting Socket connection
Wed Nov 19 12:47:43 2025: Dispatch Server: Accepted socket connection from client
Wed Nov 19 12:47:43 2025: Starting Socket connection
Wed Nov 19 12:47:43 2025: Dispatch Server: Accepted socket connection from client
Wed Nov 19 12:47:43 2025: Starting Socket connection
Wed Nov 19 12:47:50 2025: Dispatch Server: Accepted socket connection from client
Wed Nov 19 12:47:50 2025: Starting Socket connection
Wed Nov 19 12:47:53 2025: Dispatch Server: Accepted socket connection from client
Wed Nov 19 12:47:53 2025: Starting Socket connection
Wed Nov 19 12:47:57 2025: Dispatch Server: Accepted socket connection from client
Wed Nov 19 12:47:57 2025: Starting Socket connection
Wed Nov 19 12:48:09 2025: Dispatch Server: Accepted socket connection from client
Wed Nov 19 12:48:09 2025: Starting Socket connection
Wed Nov 19 12:48:22 2025: Dispatch Server: Accepted socket connection from client
Wed Nov 19 12:48:22 2025: Starting Socket connection
Wed Nov 19 12:48:53 2025: Dispatch Server: Accepted socket connection from client
Wed Nov 19 12:48:53 2025: Starting Socket connection
Wed Nov 19 12:48:55 2025: Dispatch Server: Accepted socket connection from client
Wed Nov 19 12:48:55 2025: Starting Socket connection
Wed Nov 19 12:48:57 2025: Dispatch Server: Accepted socket connection from client
Wed Nov 19 12:48:57 2025: Starting Socket connection
Wed Nov 19 12:49:04 2025: Dispatch Server: Accepted socket connection from client
Wed Nov 19 12:49:04 2025: Starting Socket connection
Wed Nov 19 12:49:20 2025: Dispatch Server: Accepted socket connection from client
Wed Nov 19 12:49:20 2025: Starting Socket connection
Wed Nov 19 12:49:24 2025: Dispatch Server: Accepted socket connection from client
Wed Nov 19 12:49:24 2025: Starting Socket connection
Wed Nov 19 12:49:29 2025: Dispatch Server: Accepted socket connection from client
Wed Nov 19 12:49:29 2025: Starting Socket connection
Wed Nov 19 12:49:33 2025: Dispatch Server: Accepted socket connection from client
Wed Nov 19 12:49:33 2025: Starting Socket connection
Wed Nov 19 12:49:54 2025: Dispatch Server: Accepted socket connection from client
Wed Nov 19 12:49:54 2025: Starting Socket connection
Wed Nov 19 12:49:58 2025: Dispatch Server: Accepted socket connection from client
Wed Nov 19 12:49:58 2025: Starting Socket connection
Wed Nov 19 12:50:06 2025: Dispatch Server: Accepted socket connection from client
Wed Nov 19 12:50:06 2025: Starting Socket connection
Wed Nov 19 12:50:07 2025: Dispatch Server: Accepted socket connection from client
Wed Nov 19 12:50:07 2025: Starting Socket connection
Wed Nov 19 12:50:09 2025: Dispatch Server: Accepted socket connection from client
Wed Nov 19 12:50:09 2025: Starting Socket connection
Wed Nov 19 12:50:35 2025: Dispatch Server: Accepted socket connection from client
Wed Nov 19 12:50:35 2025: Starting Socket connection
Wed Nov 19 12:50:38 2025: Dispatch Server: Accepted socket connection from client
Wed Nov 19 12:50:38 2025: Starting Socket connection
Wed Nov 19 12:50:43 2025: Dispatch Server: Accepted socket connection from client
Wed Nov 19 12:50:43 2025: Starting Socket connection
Wed Nov 19 12:51:06 2025: Dispatch Server: Accepted socket connection from client
Wed Nov 19 12:51:06 2025: Starting Socket connection
Wed Nov 19 12:51:07 2025: Dispatch Server: Accepted socket connection from client
Wed Nov 19 12:51:07 2025: Starting Socket connection
Wed Nov 19 12:51:16 2025: Dispatch Server: Accepted socket connection from client
Wed Nov 19 12:51:16 2025: Starting Socket connection
Wed Nov 19 12:51:17 2025: Dispatch Server: Accepted socket connection from client
Wed Nov 19 12:51:17 2025: Starting Socket connection
Wed Nov 19 12:51:20 2025: Dispatch Server: Accepted socket connection from client
Wed Nov 19 12:51:20 2025: Starting Socket connection
Wed Nov 19 12:51:47 2025: Dispatch Server: Accepted socket connection from client
Wed Nov 19 12:51:47 2025: Starting Socket connection
Wed Nov 19 12:51:48 2025: Dispatch Server: Accepted socket connection from client
Wed Nov 19 12:51:48 2025: Starting Socket connection
Wed Nov 19 12:51:54 2025: Dispatch Server: Accepted socket connection from client
Wed Nov 19 12:51:54 2025: Starting Socket connection
Wed Nov 19 12:52:21 2025: Dispatch Server: Accepted socket connection from client
Wed Nov 19 12:52:21 2025: Starting Socket connection
Wed Nov 19 12:52:21 2025: Dispatch Server: Accepted socket connection from client
Wed Nov 19 12:52:21 2025: Starting Socket connection
Wed Nov 19 12:52:27 2025: Dispatch Server: Accepted socket connection from client
Wed Nov 19 12:52:27 2025: Starting Socket connection
Wed Nov 19 12:52:36 2025: Dispatch Server: Accepted socket connection from client
Wed Nov 19 12:52:36 2025: Starting Socket connection
Wed Nov 19 12:52:54 2025: Dispatch Server: Accepted socket connection from client
Wed Nov 19 12:52:54 2025: Starting Socket connection
Wed Nov 19 12:53:01 2025: Dispatch Server: Accepted socket connection from client
Wed Nov 19 12:53:01 2025: Starting Socket connection
Wed Nov 19 12:53:12 2025: Dispatch Server: Accepted socket connection from client
Wed Nov 19 12:53:12 2025: Starting Socket connection
Wed Nov 19 12:53:23 2025: Dispatch Server: Accepted socket connection from client
Wed Nov 19 12:53:23 2025: Starting Socket connection
Wed Nov 19 12:53:31 2025: Dispatch Server: Accepted socket connection from client
Wed Nov 19 12:53:31 2025: Starting Socket connection
Wed Nov 19 12:53:34 2025: Dispatch Server: Accepted socket connection from client
Wed Nov 19 12:53:34 2025: Starting Socket connection
Wed Nov 19 12:53:38 2025: Dispatch Server: Accepted socket connection from client
Wed Nov 19 12:53:38 2025: Starting Socket connection
Wed Nov 19 12:53:38 2025: Dispatch Server: Accepted socket connection from client
Wed Nov 19 12:53:38 2025: Starting Socket connection
Wed Nov 19 12:53:47 2025: Dispatch Server: Accepted socket connection from client
Wed Nov 19 12:53:47 2025: Starting Socket connection
Wed Nov 19 12:53:56 2025: Dispatch Server: Accepted socket connection from client
Wed Nov 19 12:53:56 2025: Starting Socket connection
Wed Nov 19 12:54:13 2025: Dispatch Server: Accepted socket connection from client
Wed Nov 19 12:54:13 2025: Starting Socket connection
Wed Nov 19 12:54:27 2025: Dispatch Server: Accepted socket connection from client
Wed Nov 19 12:54:27 2025: Starting Socket connection
Wed Nov 19 12:54:31 2025: Dispatch Server: Accepted socket connection from client
Wed Nov 19 12:54:31 2025: Starting Socket connection
Wed Nov 19 12:54:39 2025: Dispatch Server: Accepted socket connection from client
Wed Nov 19 12:54:39 2025: Starting Socket connection
Wed Nov 19 12:54:43 2025: Dispatch Server: Accepted socket connection from client
Wed Nov 19 12:54:43 2025: Starting Socket connection
Wed Nov 19 12:54:49 2025: Dispatch Server: Accepted socket connection from client
Wed Nov 19 12:54:49 2025: Starting Socket connection
Wed Nov 19 12:54:56 2025: Dispatch Server: Accepted socket connection from client
Wed Nov 19 12:54:56 2025: Starting Socket connection
Wed Nov 19 12:55:04 2025: Dispatch Server: Accepted socket connection from client
Wed Nov 19 12:55:04 2025: Starting Socket connection
Wed Nov 19 12:55:07 2025: Dispatch Server: Accepted socket connection from client
Wed Nov 19 12:55:07 2025: Starting Socket connection
Wed Nov 19 12:55:07 2025: Dispatch Server: Accepted socket connection from client
Wed Nov 19 12:55:07 2025: Starting Socket connection
Wed Nov 19 12:55:14 2025: Dispatch Server: Accepted socket connection from client
Wed Nov 19 12:55:14 2025: Starting Socket connection
Wed Nov 19 12:55:19 2025: Dispatch Server: Accepted socket connection from client
Wed Nov 19 12:55:19 2025: Starting Socket connection
Wed Nov 19 12:55:20 2025: Dispatch Server: Accepted socket connection from client
Wed Nov 19 12:55:20 2025: Starting Socket connection
Wed Nov 19 12:55:33 2025: Dispatch Server: Accepted socket connection from client
Wed Nov 19 12:55:33 2025: Starting Socket connection
Wed Nov 19 12:55:33 2025: Dispatch Server: Accepted socket connection from client
Wed Nov 19 12:55:33 2025: Starting Socket connection
Wed Nov 19 12:55:33 2025: Dispatch Server: Accepted socket connection from client
Wed Nov 19 12:55:33 2025: Starting Socket connection
Wed Nov 19 12:55:38 2025: Dispatch Server: Accepted socket connection from client
Wed Nov 19 12:55:38 2025: Starting Socket connection
Wed Nov 19 12:55:39 2025: Dispatch Server: Accepted socket connection from client
Wed Nov 19 12:55:39 2025: Starting Socket connection
Wed Nov 19 12:55:44 2025: Dispatch Server: Accepted socket connection from client
Wed Nov 19 12:55:44 2025: Starting Socket connection
Wed Nov 19 12:55:45 2025: Dispatch Server: Accepted socket connection from client
Wed Nov 19 12:55:45 2025: Starting Socket connection
Wed Nov 19 12:55:57 2025: Dispatch Server: Accepted socket connection from client
Wed Nov 19 12:55:57 2025: Starting Socket connection
Wed Nov 19 12:55:58 2025: Dispatch Server: Accepted socket connection from client
Wed Nov 19 12:55:58 2025: Starting Socket connection
Wed Nov 19 12:55:58 2025: Dispatch Server: Accepted socket connection from client
Wed Nov 19 12:55:58 2025: Starting Socket connection
Wed Nov 19 12:55:58 2025: Dispatch Server: Accepted socket connection from client
Wed Nov 19 12:55:58 2025: Starting Socket connection
Wed Nov 19 12:56:03 2025: Dispatch Server: Accepted socket connection from client
Wed Nov 19 12:56:03 2025: Starting Socket connection
Wed Nov 19 12:56:03 2025: Dispatch Server: Accepted socket connection from client
Wed Nov 19 12:56:03 2025: Starting Socket connection
Wed Nov 19 12:56:09 2025: Dispatch Server: Accepted socket connection from client
Wed Nov 19 12:56:09 2025: Starting Socket connection
Wed Nov 19 12:56:10 2025: Dispatch Server: Accepted socket connection from client
Wed Nov 19 12:56:10 2025: Starting Socket connection
Wed Nov 19 12:56:23 2025: Dispatch Server: Accepted socket connection from client
Wed Nov 19 12:56:23 2025: Starting Socket connection
Wed Nov 19 12:56:23 2025: Dispatch Server: Accepted socket connection from client
Wed Nov 19 12:56:23 2025: Starting Socket connection
Wed Nov 19 12:56:23 2025: Dispatch Server: Accepted socket connection from client
Wed Nov 19 12:56:23 2025: Starting Socket connection
Wed Nov 19 12:56:24 2025: Dispatch Server: Accepted socket connection from client
Wed Nov 19 12:56:24 2025: Starting Socket connection
Wed Nov 19 12:56:27 2025: Dispatch Server: Accepted socket connection from client
Wed Nov 19 12:56:27 2025: Starting Socket connection
Wed Nov 19 12:57:24 2025: Dispatch Server: Accepted socket connection from client
Wed Nov 19 12:57:24 2025: Starting Socket connection
Wed Nov 19 12:57:24 2025: Dispatch Server: Accepted socket connection from client
Wed Nov 19 12:57:24 2025: Starting Socket connection
Wed Nov 19 12:57:28 2025: Dispatch Server: Accepted socket connection from client
Wed Nov 19 12:57:28 2025: Starting Socket connection
Wed Nov 19 12:57:30 2025: Dispatch Server: Accepted socket connection from client
Wed Nov 19 12:57:30 2025: Starting Socket connection
Wed Nov 19 12:57:33 2025: Dispatch Server: Accepted socket connection from client
Wed Nov 19 12:57:33 2025: Starting Socket connection
Wed Nov 19 12:57:34 2025: Dispatch Server: Accepted socket connection from client
Wed Nov 19 12:57:34 2025: Starting Socket connection
Wed Nov 19 12:57:38 2025: Dispatch Server: Accepted socket connection from client
Wed Nov 19 12:57:38 2025: Starting Socket connection
Wed Nov 19 12:57:50 2025: Dispatch Server: Accepted socket connection from client
Wed Nov 19 12:57:50 2025: Starting Socket connection
Wed Nov 19 12:57:53 2025: Dispatch Server: Accepted socket connection from client
Wed Nov 19 12:57:53 2025: Starting Socket connection
Wed Nov 19 12:57:55 2025: Dispatch Server: Accepted socket connection from client
Wed Nov 19 12:57:55 2025: Starting Socket connection
Wed Nov 19 12:57:58 2025: Dispatch Server: Accepted socket connection from client
Wed Nov 19 12:57:58 2025: Starting Socket connection
Wed Nov 19 12:57:59 2025: Dispatch Server: Accepted socket connection from client
Wed Nov 19 12:57:59 2025: Starting Socket connection
Wed Nov 19 12:58:04 2025: Dispatch Server: Accepted socket connection from client
Wed Nov 19 12:58:04 2025: Starting Socket connection
Wed Nov 19 12:58:15 2025: Dispatch Server: Accepted socket connection from client
Wed Nov 19 12:58:15 2025: Starting Socket connection
Wed Nov 19 12:58:17 2025: Dispatch Server: Accepted socket connection from client
Wed Nov 19 12:58:17 2025: Starting Socket connection
Wed Nov 19 12:58:18 2025: Dispatch Server: Accepted socket connection from client
Wed Nov 19 12:58:18 2025: Starting Socket connection
Wed Nov 19 12:58:24 2025: Dispatch Server: Accepted socket connection from client
Wed Nov 19 12:58:24 2025: Starting Socket connection
Wed Nov 19 12:58:24 2025: Dispatch Server: Accepted socket connection from client
Wed Nov 19 12:58:24 2025: Starting Socket connection
Wed Nov 19 12:58:24 2025: Dispatch Server: Accepted socket connection from client
Wed Nov 19 12:58:24 2025: Starting Socket connection
Wed Nov 19 12:58:29 2025: Dispatch Server: Accepted socket connection from client
Wed Nov 19 12:58:29 2025: Starting Socket connection
Wed Nov 19 12:58:30 2025: Dispatch Server: Accepted socket connection from client
Wed Nov 19 12:58:30 2025: Starting Socket connection
Wed Nov 19 12:58:40 2025: Dispatch Server: Accepted socket connection from client
Wed Nov 19 12:58:40 2025: Starting Socket connection
Wed Nov 19 12:58:42 2025: Dispatch Server: Accepted socket connection from client
Wed Nov 19 12:58:42 2025: Starting Socket connection
Wed Nov 19 12:58:43 2025: Dispatch Server: Accepted socket connection from client
Wed Nov 19 12:58:43 2025: Starting Socket connection
Wed Nov 19 12:58:49 2025: Dispatch Server: Accepted socket connection from client
Wed Nov 19 12:58:49 2025: Starting Socket connection
Wed Nov 19 12:58:49 2025: Dispatch Server: Accepted socket connection from client
Wed Nov 19 12:58:49 2025: Starting Socket connection
Wed Nov 19 12:58:49 2025: Dispatch Server: Accepted socket connection from client
Wed Nov 19 12:58:49 2025: Starting Socket connection
Wed Nov 19 12:58:54 2025: Dispatch Server: Accepted socket connection from client
Wed Nov 19 12:58:54 2025: Starting Socket connection
Wed Nov 19 12:58:54 2025: Dispatch Server: Accepted socket connection from client
Wed Nov 19 12:58:54 2025: Starting Socket connection
Wed Nov 19 12:59:04 2025: Dispatch Server: Accepted socket connection from client
Wed Nov 19 12:59:04 2025: Starting Socket connection
Wed Nov 19 12:59:06 2025: Dispatch Server: Accepted socket connection from client
Wed Nov 19 12:59:06 2025: Starting Socket connection
Wed Nov 19 12:59:07 2025: Dispatch Server: Accepted socket connection from client
Wed Nov 19 12:59:07 2025: Starting Socket connection
Wed Nov 19 13:00:25 2025: Dispatch Server: Accepted socket connection from client
Wed Nov 19 13:00:25 2025: Starting Socket connection
Wed Nov 19 13:01:55 2025: Dispatch Server: Accepted socket connection from client
Wed Nov 19 13:01:55 2025: Starting Socket connection
Wed Nov 19 13:15:16 2025: SESSION_MGR: closing session for UUID '773e423b-7e53-407f-99c2-8ef65f026fa6' with name 'v++_link_edge_detect'
Wed Nov 19 13:15:16 2025: KERNEL_SVC: closing session for UUID '773e423b-7e53-407f-99c2-8ef65f026fa6' with name 'v++_link_edge_detect'
Wed Nov 19 13:15:16 2025: GUIDANCE_SMGR: closing session for UUID '773e423b-7e53-407f-99c2-8ef65f026fa6' with name 'v++_link_edge_detect'
Wed Nov 19 13:15:16 2025: SYSTEM_DIAGRAM: closing session for UUID '773e423b-7e53-407f-99c2-8ef65f026fa6' with name 'v++_link_edge_detect'
Wed Nov 19 13:15:16 2025: STOP_SERVER received, server token: 63ceb568-5a52-4547-a165-42dde2a5bdd8, passed token: 63ceb568-5a52-4547-a165-42dde2a5bdd8
Wed Nov 19 13:15:16 2025: DISPATCH_HANDLER: 2 connections are active. Stop request denied.
Wed Nov 19 13:49:05 2025: Running xcd server. This server was built by gradle.
Wed Nov 19 13:49:05 2025: Server was asked to start on port: '37249'
Wed Nov 19 13:49:05 2025: Server is using token UUID: '88886e8e-6832-4100-a2c2-f25cd8413d37'
Wed Nov 19 13:49:05 2025: SESSION_MGR: creating session with session uuid: '6d04a3e9-ade5-4ab9-8d63-1f78fcd2ec76' and name 'default'
Wed Nov 19 13:49:05 2025: Attempting to start server on port '37249'
Wed Nov 19 13:49:05 2025: XCD main fifo: created main fifo '/tmp/xcdmain88886e8e-6832-4100-a2c2-f25cd8413d37', fd read = 12
Wed Nov 19 13:49:05 2025: Running Dispatch Server
Wed Nov 19 13:49:05 2025: Version 2.2.0
Wed Nov 19 13:49:06 2025: Dispatch Server: Accepted socket connection from client
Wed Nov 19 13:49:06 2025: Starting Socket connection
Wed Nov 19 13:49:06 2025: EXCHANGE_TOKEN received, server token: 88886e8e-6832-4100-a2c2-f25cd8413d37, passed token: 88886e8e-6832-4100-a2c2-f25cd8413d37
Wed Nov 19 13:49:07 2025: DISPATCH_HANDLER: Adding handler from function makeHandler in library libxv_system_diagram
Wed Nov 19 13:49:07 2025: SESSION_MGR: creating session with session uuid: 'd99b9811-4d4a-4065-8110-7049e124e9cb' and name 'v++_link_edge_detect'
Wed Nov 19 13:49:07 2025: KERNEL_SVC: creating session with uuid: 'd99b9811-4d4a-4065-8110-7049e124e9cb' and name 'v++_link_edge_detect'
Wed Nov 19 13:49:07 2025: GUIDANCE_SMGR: creating guidance session with uuid: 'd99b9811-4d4a-4065-8110-7049e124e9cb' and name 'v++_link_edge_detect'
Wed Nov 19 13:49:07 2025: SYSTEM_DIAGRAM: creating session with uuid: 'd99b9811-4d4a-4065-8110-7049e124e9cb' and name 'v++_link_edge_detect'
Wed Nov 19 13:49:30 2025: SESSION_MGR: closing session for UUID 'd99b9811-4d4a-4065-8110-7049e124e9cb' with name 'v++_link_edge_detect'
Wed Nov 19 13:49:30 2025: KERNEL_SVC: closing session for UUID 'd99b9811-4d4a-4065-8110-7049e124e9cb' with name 'v++_link_edge_detect'
Wed Nov 19 13:49:30 2025: GUIDANCE_SMGR: closing session for UUID 'd99b9811-4d4a-4065-8110-7049e124e9cb' with name 'v++_link_edge_detect'
Wed Nov 19 13:49:30 2025: SYSTEM_DIAGRAM: closing session for UUID 'd99b9811-4d4a-4065-8110-7049e124e9cb' with name 'v++_link_edge_detect'
Wed Nov 19 13:49:30 2025: STOP_SERVER received, server token: 88886e8e-6832-4100-a2c2-f25cd8413d37, passed token: 88886e8e-6832-4100-a2c2-f25cd8413d37
Wed Nov 19 13:49:30 2025: Socket received request to stop server.
Wed Nov 19 13:49:30 2025: Dispatch Server: do_await_stop
Wed Nov 19 13:49:30 2025: Dispatch Server: stopping mainFifo_
Wed Nov 19 13:49:30 2025: XCD main fifo: Stopping
Wed Nov 19 13:49:30 2025: XCD main fifo: do_read error code: Operation canceled
Wed Nov 19 13:49:30 2025: XCD main fifo: bytes_transferred: 0
Wed Nov 19 13:49:30 2025: SERVER: destructor for server bound to port 37249
Wed Nov 19 13:49:30 2025: XCD main fifo: Good unlink of /tmp/xcdmain88886e8e-6832-4100-a2c2-f25cd8413d37
Wed Nov 19 13:49:30 2025: Server exiting with status 0.
Wed Nov 19 13:49:30 2025: Closing log file.
Wed Nov 19 13:58:47 2025: Running xcd server. This server was built by gradle.
Wed Nov 19 13:58:47 2025: Server was asked to start on port: '35001'
Wed Nov 19 13:58:47 2025: Server is using token UUID: '9e1e80d4-69ee-4ebd-9cbd-ba99086439f0'
Wed Nov 19 13:58:47 2025: SESSION_MGR: creating session with session uuid: '6d04a3e9-ade5-4ab9-8d63-1f78fcd2ec76' and name 'default'
Wed Nov 19 13:58:47 2025: Attempting to start server on port '35001'
Wed Nov 19 13:58:47 2025: XCD main fifo: created main fifo '/tmp/xcdmain9e1e80d4-69ee-4ebd-9cbd-ba99086439f0', fd read = 13
Wed Nov 19 13:58:47 2025: Running Dispatch Server
Wed Nov 19 13:58:47 2025: Version 2.2.0
Wed Nov 19 13:58:49 2025: Dispatch Server: Accepted socket connection from client
Wed Nov 19 13:58:49 2025: Starting Socket connection
Wed Nov 19 13:58:49 2025: EXCHANGE_TOKEN received, server token: 9e1e80d4-69ee-4ebd-9cbd-ba99086439f0, passed token: 9e1e80d4-69ee-4ebd-9cbd-ba99086439f0
Wed Nov 19 13:58:49 2025: DISPATCH_HANDLER: Adding handler from function makeHandler in library libxv_system_diagram
Wed Nov 19 13:58:49 2025: SESSION_MGR: creating session with session uuid: '654e9c84-edb7-4403-9cc0-2af408e2a516' and name 'v++_link_edge_detect'
Wed Nov 19 13:58:49 2025: KERNEL_SVC: creating session with uuid: '654e9c84-edb7-4403-9cc0-2af408e2a516' and name 'v++_link_edge_detect'
Wed Nov 19 13:58:49 2025: GUIDANCE_SMGR: creating guidance session with uuid: '654e9c84-edb7-4403-9cc0-2af408e2a516' and name 'v++_link_edge_detect'
Wed Nov 19 13:58:49 2025: SYSTEM_DIAGRAM: creating session with uuid: '654e9c84-edb7-4403-9cc0-2af408e2a516' and name 'v++_link_edge_detect'
Wed Nov 19 13:59:23 2025: Dispatch Server: Accepted socket connection from client
Wed Nov 19 13:59:23 2025: Starting Socket connection
Wed Nov 19 13:59:39 2025: Dispatch Server: Accepted socket connection from client
Wed Nov 19 13:59:39 2025: Starting Socket connection
Wed Nov 19 14:01:46 2025: Dispatch Server: Accepted socket connection from client
Wed Nov 19 14:01:46 2025: Starting Socket connection
Wed Nov 19 14:04:12 2025: Dispatch Server: Accepted socket connection from client
Wed Nov 19 14:04:12 2025: Starting Socket connection
Wed Nov 19 14:05:35 2025: Dispatch Server: Accepted socket connection from client
Wed Nov 19 14:05:35 2025: Starting Socket connection
Wed Nov 19 15:32:28 2025: SESSION_MGR: closing session for UUID '654e9c84-edb7-4403-9cc0-2af408e2a516' with name 'v++_link_edge_detect'
Wed Nov 19 15:32:28 2025: KERNEL_SVC: closing session for UUID '654e9c84-edb7-4403-9cc0-2af408e2a516' with name 'v++_link_edge_detect'
Wed Nov 19 15:32:28 2025: GUIDANCE_SMGR: closing session for UUID '654e9c84-edb7-4403-9cc0-2af408e2a516' with name 'v++_link_edge_detect'
Wed Nov 19 15:32:28 2025: SYSTEM_DIAGRAM: closing session for UUID '654e9c84-edb7-4403-9cc0-2af408e2a516' with name 'v++_link_edge_detect'
Wed Nov 19 15:32:28 2025: STOP_SERVER received, server token: 9e1e80d4-69ee-4ebd-9cbd-ba99086439f0, passed token: 9e1e80d4-69ee-4ebd-9cbd-ba99086439f0
Wed Nov 19 15:32:28 2025: DISPATCH_HANDLER: 2 connections are active. Stop request denied.
